<?xml version="1.0" encoding="UTF-8"?>
<!-- Generated by org.testng.reporters.JUnitReportReporter -->
<testsuite skipped="0" hostname="DESKTOP-RR053FN" name="test.TestOpensource" tests="1" failures="0" timestamp="10 Apr 2020 00:34:57 GMT" time="16.149" errors="0">
  <testcase name="validUserAbleToLogin" time="16.149" classname="test.TestOpensource"/>
</testsuite> <!-- test.TestOpensource -->
